{
  "RSpec": {
    "coverage": {
      "/Users/koombea/Desktop/MarketPlace/spec/factories/category.rb": {
        "lines": [
          1,
          1,
          22,
          null,
          null
        ]
      },
      "/Users/koombea/Desktop/MarketPlace/spec/factories/products.rb": {
        "lines": [
          1,
          1,
          16,
          16,
          16,
          16,
          16,
          1,
          1,
          null,
          null
        ]
      },
      "/Users/koombea/Desktop/MarketPlace/spec/factories/users.rb": {
        "lines": [
          1,
          1,
          95,
          95,
          94,
          94,
          95,
          null,
          1,
          4,
          null,
          null,
          1,
          2,
          2,
          null,
          null,
          1,
          5,
          null,
          null,
          1,
          1,
          null,
          null,
          null
        ]
      },
      "/Users/koombea/Desktop/MarketPlace/spec/controllers/categories_controller_spec.rb": {
        "lines": [
          1,
          null,
          1,
          1,
          11,
          null,
          null,
          1,
          4,
          4,
          4,
          null,
          1,
          3,
          3,
          3,
          null,
          null,
          2,
          2,
          2,
          null,
          null,
          1,
          4,
          4,
          4,
          4,
          null,
          1,
          3,
          3,
          null,
          null,
          2,
          2,
          2,
          null,
          null,
          1,
          6,
          6,
          null,
          1,
          5,
          5,
          null,
          null,
          2,
          2,
          2,
          2,
          2,
          null,
          null
        ]
      },
      "/Users/koombea/Desktop/MarketPlace/spec/rails_helper.rb": {
        "lines": [
          null,
          1,
          1,
          1,
          null,
          1,
          1,
          1,
          1,
          1,
          1,
          1,
          null,
          null,
          null,
          null,
          null,
          null,
          null,
          null,
          null,
          null,
          null,
          null,
          null,
          null,
          null,
          2,
          1,
          null,
          null,
          1,
          1,
          1,
          1,
          null,
          null,
          null,
          null,
          1,
          null,
          0,
          0,
          null,
          1,
          1,
          1,
          1,
          null,
          1,
          null,
          null,
          null,
          null,
          1,
          null,
          null,
          null,
          null,
          null,
          null,
          null,
          null,
          null,
          null,
          null,
          null,
          null,
          null,
          null,
          null,
          null,
          1,
          null,
          null,
          1,
          null,
          null,
          null
        ]
      },
      "/Users/koombea/Desktop/MarketPlace/config/environment.rb": {
        "lines": [
          null,
          1,
          null,
          null,
          1
        ]
      },
      "/Users/koombea/Desktop/MarketPlace/config/application.rb": {
        "lines": [
          1,
          null,
          1,
          null,
          null,
          null,
          1,
          null,
          1,
          1,
          null,
          1,
          1,
          null,
          null,
          null,
          null,
          null,
          null
        ]
      },
      "/Users/koombea/Desktop/MarketPlace/config/boot.rb": {
        "lines": [
          1,
          null,
          1,
          1
        ]
      },
      "/Users/koombea/Desktop/MarketPlace/config/environments/test.rb": {
        "lines": [
          null,
          null,
          null,
          null,
          null,
          1,
          null,
          null,
          1,
          1,
          null,
          null,
          null,
          null,
          1,
          null,
          null,
          1,
          1,
          null,
          null,
          null,
          null,
          1,
          1,
          1,
          null,
          null,
          1,
          null,
          null,
          1,
          null,
          null,
          1,
          null,
          1,
          null,
          null,
          null,
          null,
          1,
          null,
          null,
          1,
          null,
          null,
          null,
          1,
          null
        ]
      },
      "/Users/koombea/Desktop/MarketPlace/config/initializers/application_controller_renderer.rb": {
        "lines": [
          null,
          null,
          null,
          null,
          null,
          null,
          null,
          null
        ]
      },
      "/Users/koombea/Desktop/MarketPlace/config/initializers/assets.rb": {
        "lines": [
          null,
          null,
          null,
          1,
          null,
          null,
          null,
          null,
          1,
          null,
          null,
          null,
          null,
          null
        ]
      },
      "/Users/koombea/Desktop/MarketPlace/config/initializers/backtrace_silencers.rb": {
        "lines": [
          null,
          null,
          null,
          null,
          null,
          null,
          null
        ]
      },
      "/Users/koombea/Desktop/MarketPlace/config/initializers/content_security_policy.rb": {
        "lines": [
          null,
          null,
          null,
          null,
          null,
          null,
          null,
          null,
          null,
          null,
          null,
          null,
          null,
          null,
          null,
          null,
          null,
          null,
          null,
          null,
          null,
          null,
          null,
          null,
          null,
          null,
          null,
          null,
          null,
          null
        ]
      },
      "/Users/koombea/Desktop/MarketPlace/config/initializers/cookies_serializer.rb": {
        "lines": [
          null,
          null,
          null,
          null,
          1
        ]
      },
      "/Users/koombea/Desktop/MarketPlace/config/initializers/devise.rb": {
        "lines": [
          null,
          null,
          null,
          null,
          null,
          null,
          null,
          null,
          null,
          null,
          1,
          null,
          null,
          null,
          null,
          null,
          null,
          null,
          null,
          null,
          null,
          null,
          null,
          null,
          null,
          null,
          1,
          null,
          null,
          null,
          null,
          null,
          null,
          null,
          null,
          null,
          null,
          null,
          1,
          null,
          null,
          null,
          null,
          null,
          null,
          null,
          null,
          null,
          null,
          null,
          null,
          null,
          null,
          null,
          null,
          null,
          null,
          null,
          null,
          null,
          1,
          null,
          null,
          null,
          null,
          1,
          null,
          null,
          null,
          null,
          null,
          null,
          null,
          null,
          null,
          null,
          null,
          null,
          null,
          null,
          null,
          null,
          null,
          null,
          null,
          null,
          null,
          null,
          null,
          null,
          null,
          null,
          null,
          null,
          null,
          null,
          null,
          null,
          null,
          1,
          null,
          null,
          null,
          null,
          null,
          null,
          null,
          null,
          null,
          null,
          null,
          null,
          null,
          null,
          null,
          null,
          null,
          null,
          null,
          null,
          null,
          null,
          null,
          null,
          null,
          1,
          null,
          null,
          null,
          null,
          null,
          null,
          null,
          null,
          null,
          null,
          null,
          null,
          null,
          null,
          null,
          null,
          null,
          null,
          null,
          null,
          null,
          null,
          null,
          null,
          null,
          null,
          null,
          null,
          null,
          null,
          null,
          null,
          null,
          1,
          null,
          null,
          null,
          null,
          null,
          null,
          null,
          null,
          null,
          1,
          null,
          null,
          null,
          null,
          null,
          null,
          null,
          null,
          null,
          null,
          1,
          null,
          null,
          null,
          null,
          1,
          null,
          null,
          null,
          null,
          null,
          null,
          null,
          null,
          null,
          null,
          null,
          null,
          null,
          null,
          null,
          null,
          null,
          null,
          null,
          null,
          null,
          null,
          null,
          null,
          null,
          null,
          null,
          null,
          null,
          null,
          null,
          null,
          null,
          null,
          null,
          null,
          null,
          null,
          null,
          null,
          1,
          null,
          null,
          null,
          null,
          null,
          null,
          null,
          null,
          null,
          null,
          null,
          null,
          null,
          null,
          null,
          null,
          null,
          null,
          null,
          1,
          null,
          null,
          null,
          null,
          null,
          null,
          null,
          null,
          null,
          null,
          null,
          null,
          null,
          null,
          null,
          null,
          null,
          null,
          null,
          null,
          null,
          1,
          null,
          null,
          null,
          null,
          null,
          1,
          null,
          null,
          1,
          null,
          null,
          null,
          null,
          null,
          null,
          null,
          null,
          null,
          null,
          null,
          null,
          null,
          null,
          null,
          null,
          null,
          null,
          null,
          null,
          null,
          null,
          null,
          null,
          null,
          null,
          null,
          null,
          null,
          null,
          null,
          null,
          null,
          null,
          null,
          null,
          null,
          null,
          null,
          null
        ]
      },
      "/Users/koombea/Desktop/MarketPlace/config/initializers/filter_parameter_logging.rb": {
        "lines": [
          null,
          null,
          null,
          1
        ]
      },
      "/Users/koombea/Desktop/MarketPlace/config/initializers/inflections.rb": {
        "lines": [
          null,
          null,
          null,
          null,
          null,
          null,
          null,
          null,
          null,
          null,
          null,
          null,
          null,
          null,
          null,
          null
        ]
      },
      "/Users/koombea/Desktop/MarketPlace/config/initializers/kaminari.rb": {
        "lines": [
          1,
          1,
          null
        ]
      },
      "/Users/koombea/Desktop/MarketPlace/config/initializers/mime_types.rb": {
        "lines": [
          null,
          null,
          null,
          null
        ]
      },
      "/Users/koombea/Desktop/MarketPlace/config/initializers/rails_admin.rb": {
        "lines": [
          1,
          null,
          null,
          null,
          null,
          null,
          null,
          null,
          null,
          null,
          null,
          null,
          null,
          1,
          null,
          1,
          2,
          1,
          null,
          null,
          null,
          null,
          null,
          null,
          null,
          null,
          null,
          null,
          null,
          null,
          null,
          null,
          null,
          null,
          1,
          1,
          1,
          1,
          1,
          1,
          1,
          1,
          1,
          1,
          null,
          null,
          null,
          null,
          null,
          null
        ]
      },
      "/Users/koombea/Desktop/MarketPlace/config/initializers/wrap_parameters.rb": {
        "lines": [
          null,
          null,
          null,
          null,
          null,
          null,
          1,
          2,
          null,
          null,
          null,
          null,
          null,
          null
        ]
      },
      "/Users/koombea/Desktop/MarketPlace/config/routes.rb": {
        "lines": [
          1,
          1,
          1,
          null,
          1,
          1,
          1,
          null,
          1,
          1,
          1,
          1,
          null
        ]
      },
      "/Users/koombea/Desktop/MarketPlace/app/models/user.rb": {
        "lines": [
          null,
          null,
          null,
          1,
          null,
          null,
          1,
          null,
          null,
          null,
          1,
          null,
          1,
          1,
          1,
          1,
          null,
          null,
          1,
          0,
          0,
          0,
          null,
          null,
          1,
          0,
          0,
          null,
          null,
          0,
          null,
          null,
          1,
          10,
          10,
          0,
          null,
          null,
          10,
          0,
          null,
          null,
          null,
          null
        ]
      },
      "/Users/koombea/Desktop/MarketPlace/app/models/application_record.rb": {
        "lines": [
          null,
          null,
          null,
          1,
          1,
          null
        ]
      },
      "/Users/koombea/Desktop/MarketPlace/spec/support/factory_bot.rb": {
        "lines": [
          1,
          1,
          null
        ]
      },
      "/Users/koombea/Desktop/MarketPlace/app/controllers/categories_controller.rb": {
        "lines": [
          null,
          null,
          null,
          1,
          1,
          1,
          null,
          null,
          null,
          1,
          3,
          null,
          null,
          null,
          null,
          1,
          null,
          null,
          1,
          5,
          null,
          null,
          null,
          1,
          null,
          null,
          null,
          1,
          0,
          null,
          0,
          0,
          0,
          0,
          null,
          0,
          0,
          null,
          null,
          null,
          null,
          null,
          null,
          1,
          0,
          0,
          0,
          0,
          null,
          0,
          0,
          null,
          null,
          null,
          null,
          null,
          null,
          1,
          0,
          0,
          0,
          0,
          null,
          null,
          null,
          1,
          null,
          null,
          1,
          3,
          null,
          null,
          null,
          1,
          0,
          null,
          null
        ]
      },
      "/Users/koombea/Desktop/MarketPlace/app/controllers/application_controller.rb": {
        "lines": [
          null,
          null,
          null,
          1,
          1,
          null,
          1,
          null,
          1,
          null,
          1,
          21,
          5,
          null,
          null,
          21,
          8,
          null,
          null,
          null,
          1,
          5,
          null,
          1,
          1,
          1,
          null,
          null,
          1,
          null,
          1,
          null,
          null,
          1,
          8,
          null,
          2,
          2,
          2,
          2,
          null,
          null,
          2,
          null,
          2,
          null,
          null
        ]
      },
      "/Users/koombea/Desktop/MarketPlace/spec/controllers/products_controller_spec.rb": {
        "lines": [
          1,
          null,
          1,
          1,
          3,
          null,
          null,
          1,
          4,
          null,
          1,
          1,
          3,
          3,
          null,
          null,
          2,
          2,
          2,
          null,
          null,
          null
        ]
      },
      "/Users/koombea/Desktop/MarketPlace/app/controllers/products_controller.rb": {
        "lines": [
          null,
          null,
          null,
          1,
          1,
          1,
          1,
          null,
          1,
          12,
          12,
          null,
          null,
          1,
          0,
          0,
          null,
          null,
          1,
          null,
          1,
          0,
          null,
          0,
          0,
          0,
          0,
          null,
          0,
          0,
          null,
          null,
          null,
          null,
          1,
          1,
          null,
          null,
          1,
          0,
          null,
          0,
          null,
          null,
          1,
          4,
          4,
          2,
          1,
          null,
          6,
          3,
          null,
          null,
          null,
          null,
          1,
          0,
          null,
          0,
          0,
          0,
          null,
          null,
          null,
          1,
          0,
          null,
          0,
          0,
          null,
          null,
          0,
          0,
          0,
          null,
          null,
          null,
          1,
          0,
          0,
          null,
          null,
          1,
          null,
          1,
          4,
          null,
          null,
          null,
          null,
          null,
          null,
          null,
          1,
          11,
          null,
          null
        ]
      },
      "/Users/koombea/Desktop/MarketPlace/spec/controllers/users_controller_spec.rb": {
        "lines": [
          1,
          null,
          1,
          1,
          37,
          null,
          null,
          1,
          12,
          null,
          1,
          4,
          null,
          1,
          3,
          3,
          3,
          null,
          null,
          2,
          2,
          2,
          null,
          null,
          1,
          5,
          null,
          1,
          4,
          4,
          null,
          null,
          2,
          2,
          2,
          2,
          null,
          null,
          1,
          1,
          4,
          4,
          null,
          null,
          2,
          2,
          2,
          1,
          1,
          null,
          null,
          null,
          null,
          1,
          8,
          null,
          1,
          4,
          4,
          null,
          1,
          3,
          3,
          null,
          2,
          2,
          2,
          null,
          null,
          1,
          4,
          4,
          null,
          1,
          3,
          null,
          null,
          2,
          2,
          1,
          1,
          null,
          null,
          null,
          1,
          2,
          2,
          null,
          1,
          1,
          null,
          null,
          3,
          null,
          null,
          null,
          1,
          6,
          null,
          1,
          6,
          null,
          1,
          5,
          5,
          null,
          null,
          2,
          2,
          2,
          2,
          2,
          null,
          null,
          null,
          1,
          8,
          null,
          1,
          4,
          1,
          1,
          null,
          null,
          null,
          null,
          1,
          3,
          null,
          null,
          5,
          2,
          2,
          null,
          null,
          1,
          2,
          1,
          1,
          null,
          null,
          null,
          null,
          1,
          1,
          null,
          null,
          5,
          null,
          null,
          1,
          2,
          2,
          1,
          1,
          null,
          null,
          null,
          null,
          1,
          1,
          1,
          null,
          null,
          5,
          null,
          null,
          1,
          2,
          1,
          1,
          null,
          null,
          null,
          null,
          1,
          1,
          null,
          null,
          3,
          null,
          null,
          1,
          2,
          2,
          1,
          1,
          null,
          null,
          null,
          null,
          1,
          1,
          null,
          null,
          5,
          null,
          null,
          1,
          3,
          1,
          2,
          null,
          null,
          null,
          null,
          5,
          null,
          1,
          1,
          1,
          1,
          null,
          null,
          null,
          null,
          1,
          6,
          null,
          1,
          2,
          2,
          null,
          1,
          1,
          null,
          null,
          3,
          null,
          null,
          1,
          2,
          2,
          2,
          null,
          1,
          1,
          1,
          null,
          null,
          3,
          null,
          null,
          1,
          2,
          2,
          2,
          null,
          1,
          1,
          1,
          null,
          null,
          3,
          null,
          null,
          null,
          null,
          1,
          3,
          3,
          null,
          1,
          2,
          null,
          null,
          3,
          null,
          1,
          1,
          1,
          1,
          null,
          null,
          null,
          null
        ]
      },
      "/Users/koombea/Desktop/MarketPlace/app/controllers/users_controller.rb": {
        "lines": [
          null,
          null,
          null,
          1,
          1,
          1,
          1,
          null,
          1,
          10,
          null,
          null,
          1,
          null,
          1,
          5,
          null,
          null,
          1,
          null,
          1,
          4,
          4,
          6,
          3,
          null,
          2,
          1,
          null,
          null,
          null,
          null,
          1,
          2,
          null,
          2,
          4,
          2,
          null,
          null,
          null,
          1,
          null,
          1,
          4,
          null,
          null,
          1,
          15,
          null,
          null
        ]
      },
      "/Users/koombea/Desktop/MarketPlace/spec/features/admin_feature_spec.rb": {
        "lines": [
          1,
          null,
          1,
          3,
          null,
          3,
          null,
          1,
          2,
          null,
          null,
          1,
          1,
          1,
          1,
          null,
          1,
          null,
          1,
          null,
          null,
          1,
          1,
          1,
          null,
          1,
          null,
          1,
          null,
          null,
          null
        ]
      },
      "/Users/koombea/Desktop/MarketPlace/spec/features/products_feature_spec.rb": {
        "lines": [
          1,
          null,
          1,
          1,
          1,
          1,
          1,
          null,
          null,
          null,
          1,
          1,
          1,
          null,
          null,
          1,
          1,
          null,
          null,
          1,
          1,
          1,
          null,
          1,
          1,
          1,
          1,
          null,
          null,
          null,
          1,
          5,
          5,
          null,
          1,
          4,
          4,
          null,
          null,
          1,
          1,
          1,
          1,
          null,
          null,
          1,
          1,
          null,
          null,
          1,
          1,
          1,
          1,
          null,
          null,
          1,
          1,
          null,
          null,
          1,
          1,
          1,
          1,
          null,
          null,
          1,
          1,
          null,
          null,
          1,
          1,
          1,
          1,
          null,
          null,
          1,
          1,
          null,
          null,
          null,
          1,
          1,
          2,
          null,
          2,
          null,
          null,
          null,
          null,
          null,
          1,
          1,
          1,
          null,
          null,
          1,
          1,
          1,
          1,
          null,
          null,
          1,
          1,
          null,
          null,
          null
        ]
      },
      "/Users/koombea/Desktop/MarketPlace/spec/features/users_feature_spec.rb": {
        "lines": [
          1,
          null,
          1,
          10,
          null,
          null,
          null,
          null,
          null,
          1,
          15,
          null,
          null,
          1,
          1,
          1,
          1,
          null,
          1,
          null,
          null,
          1,
          1,
          null,
          1,
          null,
          null,
          null,
          1,
          1,
          1,
          null,
          1,
          null,
          1,
          null,
          1,
          1,
          1,
          1,
          null,
          null,
          null,
          1,
          1,
          2,
          2,
          2,
          2,
          null,
          null,
          7,
          null,
          null,
          null,
          null,
          null,
          1,
          6,
          null,
          null,
          1,
          1,
          1,
          1,
          1,
          null,
          1,
          null,
          1,
          null,
          null,
          null,
          1,
          1,
          1,
          1,
          1,
          null,
          1,
          null,
          1,
          null,
          null,
          1,
          1,
          1,
          1,
          1,
          null,
          1,
          null,
          1,
          null,
          null,
          1,
          1,
          1,
          1,
          1,
          null,
          1,
          null,
          1,
          null,
          null,
          1,
          1,
          1,
          1,
          1,
          null,
          1,
          null,
          1,
          null,
          null,
          1,
          1,
          1,
          1,
          null,
          1,
          null,
          1,
          null,
          null,
          null,
          1,
          7,
          1,
          5,
          5,
          5,
          5,
          5,
          5,
          null,
          null,
          null,
          null,
          null,
          null,
          null,
          null,
          1,
          1,
          1,
          1,
          null,
          1,
          null,
          1,
          null,
          null,
          null,
          1,
          1,
          1,
          null,
          null,
          1,
          null,
          null,
          null,
          1,
          1,
          1,
          1,
          1,
          null,
          1,
          null,
          1,
          null,
          null,
          1,
          1,
          1,
          1,
          1,
          null,
          1,
          null,
          1,
          null,
          null,
          1,
          1,
          1,
          1,
          1,
          null,
          1,
          null,
          1,
          null,
          null,
          1,
          1,
          1,
          1,
          1,
          null,
          1,
          null,
          1,
          null,
          null,
          null
        ]
      },
      "/Users/koombea/Desktop/MarketPlace/spec/models/product_model_spec.rb": {
        "lines": [
          1,
          null,
          1,
          13,
          null,
          null,
          null,
          null,
          null,
          null,
          null,
          null,
          1,
          12,
          null,
          null,
          null,
          null,
          null,
          null,
          null,
          null,
          12,
          null,
          null,
          1,
          12,
          null,
          null,
          1,
          2,
          2,
          null,
          2,
          null,
          null,
          null,
          1,
          1,
          1,
          null,
          null,
          null,
          null,
          1,
          2,
          null,
          null,
          null,
          1,
          1,
          null,
          null,
          1,
          1,
          1,
          null,
          null,
          1,
          1,
          1,
          null,
          null,
          1,
          1,
          1,
          null,
          null,
          1,
          1,
          1,
          null,
          null,
          1,
          1,
          1,
          null,
          null,
          1,
          1,
          1,
          null,
          null
        ]
      },
      "/Users/koombea/Desktop/MarketPlace/app/models/product.rb": {
        "lines": [
          null,
          null,
          null,
          1,
          1,
          1,
          1,
          null,
          1,
          1,
          1,
          null,
          null,
          1,
          null,
          null,
          null,
          1,
          null,
          1,
          null,
          1,
          null
        ]
      },
      "/Users/koombea/Desktop/MarketPlace/spec/models/user_model_spec.rb": {
        "lines": [
          1,
          null,
          1,
          10,
          null,
          null,
          null,
          null,
          null,
          null,
          1,
          9,
          null,
          null,
          null,
          null,
          null,
          null,
          null,
          null,
          null,
          1,
          9,
          null,
          null,
          1,
          2,
          null,
          null,
          1,
          1,
          null,
          null,
          1,
          1,
          1,
          null,
          null,
          1,
          1,
          1,
          null,
          null,
          1,
          1,
          1,
          null,
          null,
          1,
          1,
          1,
          null,
          null,
          1,
          1,
          1,
          null,
          null,
          1,
          1,
          1,
          null,
          null,
          1,
          1,
          null,
          null,
          null,
          null
        ]
      },
      "/Users/koombea/Desktop/MarketPlace/app/models/category.rb": {
        "lines": [
          null,
          null,
          null,
          1,
          1,
          null
        ]
      },
      "/Users/koombea/Desktop/MarketPlace/app/models/image.rb": {
        "lines": [
          null,
          null,
          null,
          1,
          1,
          null,
          1,
          1,
          null
        ]
      },
      "/Users/koombea/Desktop/MarketPlace/app/channels/application_cable/channel.rb": {
        "lines": [
          null,
          null,
          1,
          1,
          null,
          null
        ]
      },
      "/Users/koombea/Desktop/MarketPlace/app/channels/application_cable/connection.rb": {
        "lines": [
          null,
          null,
          1,
          1,
          null,
          null
        ]
      },
      "/Users/koombea/Desktop/MarketPlace/app/jobs/application_job.rb": {
        "lines": [
          null,
          null,
          1,
          null,
          null,
          null,
          null,
          null,
          null
        ]
      },
      "/Users/koombea/Desktop/MarketPlace/app/mailers/application_mailer.rb": {
        "lines": [
          null,
          null,
          1,
          1,
          1,
          null
        ]
      },
      "/Users/koombea/Desktop/MarketPlace/app/mailers/notifier_mailer.rb": {
        "lines": [
          null,
          null,
          null,
          1,
          null,
          null,
          null,
          null,
          null,
          1,
          0,
          0,
          null,
          0,
          null,
          null
        ]
      },
      "/Users/koombea/Desktop/MarketPlace/app/controllers/users/omniauth_callbacks_controller.rb": {
        "lines": [
          null,
          null,
          1,
          null,
          1,
          1,
          1,
          0,
          null,
          0,
          0,
          0,
          null,
          0,
          0,
          null,
          null,
          null,
          1,
          0,
          null,
          0,
          0,
          0,
          null,
          0,
          0,
          null,
          null,
          null,
          1,
          0,
          null,
          null,
          null
        ]
      }
    },
    "timestamp": 1612668332
  }
}
