{
  "RSpec": {
    "coverage": {
      "/Users/koombea/Desktop/MarketPlace/spec/factories/category.rb": {
        "lines": [
          null,
          null,
          1,
          1,
          25,
          null,
          null,
          1,
          1,
          null,
          null,
          1,
          47,
          null,
          null
        ]
      },
      "/Users/koombea/Desktop/MarketPlace/spec/factories/products.rb": {
        "lines": [
          null,
          null,
          null,
          null,
          null,
          null,
          null,
          null,
          null,
          null,
          null,
          null,
          null,
          null,
          null,
          null,
          null,
          null,
          null,
          null,
          null,
          null,
          null,
          null,
          null,
          null,
          null,
          1,
          1,
          47,
          47,
          47,
          47,
          36,
          1,
          1,
          null,
          1,
          2,
          null,
          null,
          1,
          12,
          null,
          null,
          null
        ]
      },
      "/Users/koombea/Desktop/MarketPlace/spec/factories/users.rb": {
        "lines": [
          null,
          null,
          null,
          null,
          null,
          null,
          null,
          null,
          null,
          null,
          null,
          null,
          null,
          null,
          null,
          null,
          null,
          null,
          null,
          null,
          null,
          null,
          null,
          null,
          null,
          null,
          null,
          null,
          1,
          1,
          155,
          165,
          162,
          162,
          165,
          null,
          1,
          4,
          null,
          null,
          1,
          4,
          4,
          null,
          null,
          1,
          31,
          null,
          null,
          1,
          1,
          null,
          null,
          1,
          11,
          null,
          null,
          null
        ]
      },
      "/Users/koombea/Desktop/MarketPlace/spec/controllers/categories_controller_spec.rb": {
        "lines": [
          null,
          null,
          1,
          null,
          1,
          1,
          35,
          null,
          null,
          1,
          8,
          null,
          1,
          4,
          4,
          null,
          1,
          3,
          3,
          3,
          null,
          null,
          2,
          2,
          2,
          null,
          null,
          1,
          5,
          null,
          1,
          4,
          4,
          null,
          null,
          2,
          2,
          2,
          null,
          1,
          1,
          null,
          null,
          null,
          null,
          1,
          9,
          null,
          1,
          4,
          4,
          4,
          null,
          1,
          3,
          3,
          null,
          null,
          2,
          2,
          2,
          null,
          null,
          1,
          5,
          5,
          null,
          1,
          4,
          4,
          null,
          null,
          2,
          2,
          2,
          null,
          1,
          1,
          null,
          null,
          null,
          1,
          2,
          1,
          2,
          null,
          1,
          1,
          null,
          null,
          3,
          null,
          null,
          null,
          1,
          3,
          null,
          1,
          4,
          null,
          null,
          1,
          1,
          null,
          null,
          1,
          1,
          2,
          null,
          null,
          1,
          1,
          1,
          1,
          null,
          null,
          null,
          null,
          1,
          1,
          1,
          1,
          null,
          null,
          null,
          null,
          null,
          1,
          1,
          1,
          1,
          null,
          null,
          1,
          1,
          1,
          null,
          null,
          null,
          1,
          2,
          null,
          1,
          1,
          null,
          null,
          1,
          1,
          1,
          null,
          null,
          null,
          null,
          null,
          1,
          6,
          null,
          1,
          6,
          null,
          1,
          5,
          5,
          null,
          null,
          2,
          2,
          2,
          2,
          2,
          null,
          null,
          null,
          1,
          5,
          null,
          1,
          2,
          4,
          null,
          1,
          1,
          null,
          null,
          null,
          1,
          3,
          null,
          null,
          5,
          2,
          2,
          null,
          null,
          1,
          2,
          2,
          1,
          1,
          null,
          null,
          null,
          1,
          1,
          null,
          null,
          5,
          null,
          null,
          1,
          2,
          2,
          1,
          1,
          null,
          null,
          null,
          1,
          1,
          null,
          null,
          5,
          null,
          null,
          1,
          2,
          1,
          1,
          1,
          null,
          null,
          null,
          1,
          1,
          null,
          null,
          3,
          null,
          null,
          null,
          1,
          5,
          null,
          2,
          null,
          1,
          2,
          2,
          null,
          1,
          1,
          1,
          null,
          null,
          3,
          null,
          null,
          1,
          3,
          3,
          null,
          1,
          2,
          null,
          null,
          3,
          null,
          1,
          1,
          1,
          1,
          null,
          null,
          null,
          1,
          2,
          2,
          2,
          null,
          1,
          1,
          1,
          null,
          null,
          3,
          null,
          null,
          null
        ]
      },
      "/Users/koombea/Desktop/MarketPlace/spec/rails_helper.rb": {
        "lines": [
          null,
          null,
          null,
          1,
          1,
          1,
          null,
          1,
          1,
          1,
          1,
          1,
          1,
          1,
          null,
          null,
          null,
          null,
          null,
          null,
          null,
          null,
          null,
          null,
          null,
          null,
          null,
          null,
          null,
          3,
          1,
          null,
          null,
          1,
          1,
          1,
          1,
          null,
          null,
          null,
          null,
          1,
          null,
          null,
          null,
          null,
          1,
          1,
          2,
          1,
          1,
          1,
          1,
          null,
          1,
          null,
          null,
          null,
          null,
          1,
          null,
          null,
          null,
          null,
          null,
          null,
          null,
          null,
          null,
          null,
          null,
          null,
          null,
          null,
          null,
          null,
          null,
          1,
          null,
          null,
          1,
          null,
          null,
          null
        ]
      },
      "/Users/koombea/Desktop/MarketPlace/config/environment.rb": {
        "lines": [
          null,
          null,
          null,
          1,
          null,
          null,
          1
        ]
      },
      "/Users/koombea/Desktop/MarketPlace/config/application.rb": {
        "lines": [
          null,
          null,
          1,
          null,
          1,
          null,
          null,
          null,
          1,
          null,
          1,
          1,
          null,
          1,
          1,
          null,
          null,
          null,
          null,
          null,
          null
        ]
      },
      "/Users/koombea/Desktop/MarketPlace/config/boot.rb": {
        "lines": [
          null,
          null,
          1,
          null,
          1,
          1
        ]
      },
      "/Users/koombea/Desktop/MarketPlace/config/environments/test.rb": {
        "lines": [
          null,
          null,
          null,
          null,
          null,
          null,
          null,
          1,
          null,
          null,
          1,
          1,
          null,
          null,
          null,
          null,
          1,
          null,
          null,
          1,
          1,
          null,
          null,
          null,
          null,
          1,
          1,
          1,
          null,
          null,
          1,
          null,
          null,
          1,
          null,
          null,
          1,
          null,
          1,
          null,
          null,
          null,
          null,
          1,
          null,
          null,
          1,
          null,
          null,
          1,
          null,
          null,
          null,
          1,
          null
        ]
      },
      "/Users/koombea/Desktop/MarketPlace/config/initializers/application_controller_renderer.rb": {
        "lines": [
          null,
          null,
          null,
          null,
          null,
          null,
          null,
          null,
          null
        ]
      },
      "/Users/koombea/Desktop/MarketPlace/config/initializers/assets.rb": {
        "lines": [
          null,
          null,
          null,
          null,
          null,
          1,
          null,
          null,
          null,
          null,
          1,
          null,
          null,
          null,
          null,
          null
        ]
      },
      "/Users/koombea/Desktop/MarketPlace/config/initializers/backtrace_silencers.rb": {
        "lines": [
          null,
          null,
          null,
          null,
          null,
          null,
          null,
          null
        ]
      },
      "/Users/koombea/Desktop/MarketPlace/config/initializers/content_security_policy.rb": {
        "lines": [
          null,
          null,
          null,
          null,
          null,
          null,
          null,
          null,
          null,
          null,
          null,
          null,
          null,
          null,
          null,
          null,
          null,
          null,
          null,
          null,
          null,
          null,
          null,
          null,
          null,
          null,
          null,
          null,
          null,
          null,
          null
        ]
      },
      "/Users/koombea/Desktop/MarketPlace/config/initializers/cookies_serializer.rb": {
        "lines": [
          null,
          null,
          null,
          null,
          null,
          null,
          1
        ]
      },
      "/Users/koombea/Desktop/MarketPlace/config/initializers/devise.rb": {
        "lines": [
          null,
          null,
          null,
          null,
          null,
          null,
          null,
          null,
          null,
          null,
          1,
          null,
          null,
          null,
          null,
          null,
          null,
          null,
          null,
          null,
          null,
          null,
          null,
          null,
          null,
          null,
          1,
          null,
          null,
          null,
          null,
          null,
          null,
          null,
          null,
          null,
          null,
          null,
          1,
          null,
          null,
          null,
          null,
          null,
          null,
          null,
          null,
          null,
          null,
          null,
          null,
          null,
          null,
          null,
          null,
          null,
          null,
          null,
          null,
          null,
          1,
          null,
          null,
          null,
          null,
          1,
          null,
          null,
          null,
          null,
          null,
          null,
          null,
          null,
          null,
          null,
          null,
          null,
          null,
          null,
          null,
          null,
          null,
          null,
          null,
          null,
          null,
          null,
          null,
          null,
          null,
          null,
          null,
          null,
          null,
          null,
          null,
          null,
          null,
          1,
          null,
          null,
          null,
          null,
          null,
          null,
          null,
          null,
          null,
          null,
          null,
          null,
          null,
          null,
          null,
          null,
          null,
          null,
          null,
          null,
          null,
          null,
          null,
          null,
          null,
          1,
          null,
          null,
          null,
          null,
          null,
          null,
          null,
          null,
          null,
          null,
          null,
          null,
          null,
          null,
          null,
          null,
          null,
          null,
          null,
          null,
          null,
          null,
          null,
          null,
          null,
          null,
          null,
          null,
          null,
          null,
          null,
          null,
          null,
          1,
          null,
          null,
          null,
          null,
          null,
          null,
          null,
          null,
          null,
          1,
          null,
          null,
          null,
          null,
          null,
          null,
          null,
          null,
          null,
          null,
          1,
          null,
          null,
          null,
          null,
          1,
          null,
          null,
          null,
          null,
          null,
          null,
          null,
          null,
          null,
          null,
          null,
          null,
          null,
          null,
          null,
          null,
          null,
          null,
          null,
          null,
          null,
          null,
          null,
          null,
          null,
          null,
          null,
          null,
          null,
          null,
          null,
          null,
          null,
          null,
          null,
          null,
          null,
          null,
          null,
          null,
          1,
          null,
          null,
          null,
          null,
          null,
          null,
          null,
          null,
          null,
          null,
          null,
          null,
          null,
          null,
          null,
          null,
          null,
          null,
          null,
          1,
          null,
          null,
          null,
          null,
          null,
          null,
          null,
          null,
          null,
          null,
          null,
          null,
          null,
          null,
          null,
          null,
          null,
          null,
          null,
          null,
          null,
          1,
          null,
          null,
          null,
          null,
          null,
          1,
          null,
          null,
          1,
          null,
          null,
          null,
          null,
          null,
          null,
          null,
          null,
          null,
          null,
          null,
          null,
          null,
          null,
          null,
          null,
          null,
          null,
          null,
          null,
          null,
          null,
          null,
          null,
          null,
          null,
          null,
          null,
          null,
          null,
          null,
          null,
          null,
          null,
          null,
          null,
          null,
          null
        ]
      },
      "/Users/koombea/Desktop/MarketPlace/config/initializers/filter_parameter_logging.rb": {
        "lines": [
          null,
          null,
          null,
          null,
          null,
          1
        ]
      },
      "/Users/koombea/Desktop/MarketPlace/config/initializers/inflections.rb": {
        "lines": [
          null,
          null,
          null,
          null,
          null,
          null,
          null,
          null,
          null,
          null,
          null,
          null,
          null,
          null,
          null,
          null,
          null
        ]
      },
      "/Users/koombea/Desktop/MarketPlace/config/initializers/kaminari.rb": {
        "lines": [
          null,
          null,
          1,
          1,
          null
        ]
      },
      "/Users/koombea/Desktop/MarketPlace/config/initializers/mime_types.rb": {
        "lines": [
          null,
          null,
          null,
          null,
          null
        ]
      },
      "/Users/koombea/Desktop/MarketPlace/config/initializers/rails_admin.rb": {
        "lines": [
          null,
          null,
          1,
          null,
          null,
          null,
          null,
          null,
          null,
          null,
          null,
          null,
          null,
          null,
          1,
          null,
          1,
          2,
          1,
          null,
          null,
          null,
          null,
          null,
          null,
          null,
          null,
          null,
          null,
          null,
          null,
          null,
          null,
          null,
          1,
          1,
          1,
          1,
          1,
          1,
          1,
          1,
          1,
          1,
          null,
          null,
          null,
          null,
          null,
          null
        ]
      },
      "/Users/koombea/Desktop/MarketPlace/config/initializers/wrap_parameters.rb": {
        "lines": [
          null,
          null,
          null,
          null,
          null,
          null,
          null,
          null,
          1,
          2,
          null,
          null,
          null,
          null,
          null,
          null
        ]
      },
      "/Users/koombea/Desktop/MarketPlace/config/routes.rb": {
        "lines": [
          null,
          null,
          1,
          1,
          1,
          1,
          null,
          1,
          1,
          1,
          1,
          null,
          null,
          null,
          1,
          null,
          1,
          null,
          1,
          null
        ]
      },
      "/Users/koombea/Desktop/MarketPlace/app/models/user.rb": {
        "lines": [
          null,
          null,
          null,
          null,
          null,
          null,
          null,
          null,
          null,
          null,
          null,
          null,
          null,
          null,
          null,
          null,
          null,
          null,
          null,
          null,
          null,
          null,
          null,
          null,
          null,
          null,
          null,
          null,
          null,
          1,
          1,
          null,
          null,
          null,
          1,
          null,
          1,
          1,
          1,
          1,
          null,
          null,
          null,
          null,
          null,
          1,
          12,
          12,
          12,
          null,
          12,
          12,
          12,
          12,
          12,
          null,
          null,
          null
        ]
      },
      "/Users/koombea/Desktop/MarketPlace/app/models/application_record.rb": {
        "lines": [
          null,
          null,
          null,
          1,
          1,
          null
        ]
      },
      "/Users/koombea/Desktop/MarketPlace/spec/support/factory_bot.rb": {
        "lines": [
          null,
          null,
          1,
          1,
          null
        ]
      },
      "/Users/koombea/Desktop/MarketPlace/spec/support/omniauth.rb": {
        "lines": [
          null,
          null,
          1,
          6,
          null,
          6,
          null,
          null,
          null,
          null,
          null,
          null,
          null,
          null,
          null,
          null,
          null,
          1,
          6,
          null,
          6,
          null,
          null,
          null,
          null,
          null,
          null,
          null,
          null,
          null,
          null
        ]
      },
      "/Users/koombea/Desktop/MarketPlace/spec/controllers/shared_examples/omniauth_callbacks_controller_shared_example.rb": {
        "lines": [
          null,
          null,
          1,
          null,
          1,
          2,
          2,
          2,
          null,
          null,
          2,
          4,
          null,
          2,
          null,
          null,
          null,
          2,
          2,
          4,
          4,
          null,
          4,
          4,
          null,
          null,
          4,
          null,
          4,
          null,
          null,
          2,
          2,
          6,
          null,
          6,
          null,
          null,
          6,
          null,
          2,
          2,
          null,
          8,
          null,
          null,
          2,
          2,
          null,
          8,
          null,
          null,
          null
        ]
      },
      "/Users/koombea/Desktop/MarketPlace/app/controllers/categories_controller.rb": {
        "lines": [
          null,
          null,
          null,
          1,
          1,
          1,
          1,
          null,
          1,
          3,
          null,
          null,
          1,
          null,
          1,
          5,
          null,
          null,
          1,
          null,
          1,
          2,
          null,
          2,
          2,
          2,
          null,
          2,
          null,
          null,
          null,
          null,
          1,
          2,
          2,
          2,
          null,
          2,
          null,
          null,
          null,
          null,
          1,
          1,
          1,
          2,
          null,
          null,
          null,
          1,
          null,
          1,
          10,
          null,
          null,
          1,
          4,
          null,
          null
        ]
      },
      "/Users/koombea/Desktop/MarketPlace/app/controllers/application_controller.rb": {
        "lines": [
          null,
          null,
          null,
          1,
          1,
          null,
          1,
          null,
          1,
          null,
          1,
          33,
          5,
          null,
          null,
          33,
          8,
          null,
          null,
          null,
          1,
          12,
          null,
          3,
          null,
          3,
          3,
          3,
          null,
          null,
          null,
          3,
          null,
          null,
          1,
          8,
          null,
          2,
          null,
          2,
          2,
          2,
          null,
          null,
          null,
          2,
          null,
          null,
          1,
          19,
          null,
          3,
          null,
          3,
          3,
          3,
          null,
          null,
          null,
          3,
          null,
          null
        ]
      },
      "/Users/koombea/Desktop/MarketPlace/spec/controllers/products_controller_spec.rb": {
        "lines": [
          null,
          null,
          1,
          null,
          1,
          1,
          34,
          null,
          null,
          1,
          7,
          null,
          1,
          1,
          3,
          3,
          null,
          null,
          2,
          2,
          2,
          null,
          null,
          1,
          1,
          3,
          3,
          null,
          null,
          2,
          2,
          2,
          null,
          null,
          null,
          1,
          4,
          null,
          1,
          1,
          3,
          3,
          null,
          1,
          2,
          null,
          null,
          2,
          2,
          null,
          null,
          1,
          1,
          2,
          null,
          3,
          null,
          null,
          null,
          1,
          5,
          4,
          null,
          1,
          3,
          null,
          null,
          null,
          null,
          null,
          null,
          null,
          null,
          1,
          1,
          1,
          null,
          null,
          1,
          2,
          null,
          null,
          1,
          1,
          1,
          1,
          null,
          null,
          null,
          null,
          1,
          1,
          1,
          1,
          null,
          null,
          null,
          null,
          null,
          1,
          1,
          1,
          1,
          null,
          null,
          1,
          1,
          1,
          null,
          null,
          null,
          null,
          1,
          6,
          null,
          1,
          6,
          null,
          1,
          5,
          5,
          null,
          null,
          2,
          2,
          2,
          2,
          2,
          null,
          null,
          null,
          1,
          8,
          null,
          1,
          4,
          1,
          1,
          null,
          null,
          null,
          1,
          3,
          null,
          null,
          5,
          2,
          2,
          null,
          null,
          1,
          2,
          2,
          1,
          1,
          null,
          null,
          null,
          1,
          1,
          null,
          null,
          5,
          null,
          null,
          1,
          2,
          1,
          1,
          null,
          null,
          null,
          1,
          1,
          1,
          null,
          null,
          5,
          null,
          null,
          1,
          1,
          2,
          1,
          1,
          null,
          null,
          null,
          1,
          1,
          null,
          null,
          3,
          null,
          null,
          1,
          4,
          2,
          1,
          1,
          null,
          null,
          null,
          1,
          3,
          null,
          null,
          5,
          2,
          2,
          null,
          null,
          1,
          3,
          1,
          2,
          null,
          null,
          null,
          5,
          null,
          1,
          1,
          1,
          1,
          null,
          null,
          null,
          null,
          1,
          6,
          null,
          1,
          2,
          2,
          null,
          1,
          1,
          null,
          null,
          3,
          null,
          null,
          1,
          2,
          2,
          2,
          null,
          1,
          1,
          1,
          null,
          null,
          3,
          null,
          null,
          1,
          2,
          2,
          2,
          null,
          1,
          1,
          1,
          null,
          null,
          3,
          null,
          null,
          1,
          3,
          3,
          null,
          1,
          2,
          null,
          null,
          3,
          null,
          1,
          1,
          1,
          1,
          null,
          null,
          null,
          null,
          null,
          null,
          null,
          null,
          null,
          null,
          null,
          null,
          null,
          null,
          null,
          null,
          null,
          null,
          null,
          null,
          null,
          null,
          null,
          null,
          null,
          null,
          null,
          null
        ]
      },
      "/Users/koombea/Desktop/MarketPlace/app/controllers/products_controller.rb": {
        "lines": [
          null,
          1,
          null,
          null,
          1,
          1,
          1,
          1,
          null,
          1,
          15,
          15,
          null,
          null,
          1,
          5,
          5,
          null,
          null,
          1,
          null,
          1,
          2,
          null,
          2,
          2,
          2,
          null,
          2,
          null,
          null,
          null,
          null,
          1,
          3,
          null,
          null,
          1,
          2,
          null,
          2,
          null,
          null,
          1,
          7,
          7,
          6,
          null,
          8,
          null,
          null,
          null,
          null,
          1,
          null,
          1,
          9,
          null,
          null,
          null,
          null,
          null,
          null,
          null,
          1,
          22,
          null,
          null
        ]
      },
      "/Users/koombea/Desktop/MarketPlace/spec/controllers/users/omniauth_callbacks_controller_spec.rb": {
        "lines": [
          null,
          null,
          1,
          null,
          1,
          1,
          7,
          null,
          7,
          2,
          2,
          null,
          1,
          null,
          null,
          1,
          7,
          null,
          7,
          2,
          2,
          null,
          1,
          null,
          null
        ]
      },
      "/Users/koombea/Desktop/MarketPlace/app/controllers/users/omniauth_callbacks_controller.rb": {
        "lines": [
          null,
          null,
          null,
          1,
          null,
          1,
          1,
          null,
          1,
          6,
          null,
          6,
          1,
          1,
          null,
          5,
          null,
          5,
          5,
          5,
          null,
          5,
          5,
          null,
          null,
          null,
          1,
          6,
          null,
          6,
          1,
          1,
          null,
          5,
          null,
          5,
          5,
          5,
          null,
          5,
          5,
          null,
          null,
          null,
          null
        ]
      },
      "/Users/koombea/Desktop/MarketPlace/spec/controllers/users/products/archives_controller_spec.rb": {
        "lines": [
          null,
          null,
          1,
          null,
          1,
          1,
          1,
          null,
          null,
          1,
          2,
          null,
          2,
          null,
          1,
          1,
          null,
          null,
          1,
          1,
          null,
          null,
          5,
          null,
          null
        ]
      },
      "/Users/koombea/Desktop/MarketPlace/app/controllers/users/products/archives_controller.rb": {
        "lines": [
          1,
          1,
          1,
          1,
          1,
          1,
          null,
          null,
          null,
          null
        ]
      },
      "/Users/koombea/Desktop/MarketPlace/spec/controllers/users/products/publishes_controller_spec.rb": {
        "lines": [
          null,
          null,
          1,
          null,
          1,
          1,
          1,
          null,
          null,
          1,
          2,
          null,
          2,
          null,
          1,
          1,
          null,
          null,
          1,
          1,
          null,
          null,
          5,
          null,
          null
        ]
      },
      "/Users/koombea/Desktop/MarketPlace/app/controllers/users/products/publishes_controller.rb": {
        "lines": [
          1,
          1,
          1,
          1,
          1,
          1,
          null,
          1,
          null,
          null,
          null,
          null
        ]
      },
      "/Users/koombea/Desktop/MarketPlace/spec/controllers/users/user_products_controller_spec.rb": {
        "lines": [
          null,
          null,
          1,
          null,
          1,
          1,
          1,
          null,
          null,
          1,
          2,
          null,
          2,
          null,
          1,
          1,
          1,
          null,
          null,
          2,
          null,
          null
        ]
      },
      "/Users/koombea/Desktop/MarketPlace/app/controllers/users/products_controller.rb": {
        "lines": [
          1,
          1,
          1,
          1,
          1,
          null,
          null,
          null
        ]
      },
      "/Users/koombea/Desktop/MarketPlace/spec/controllers/users_controller_spec.rb": {
        "lines": [
          null,
          null,
          1,
          null,
          1,
          1,
          39,
          null,
          null,
          1,
          12,
          null,
          1,
          4,
          null,
          1,
          3,
          3,
          3,
          null,
          null,
          2,
          2,
          2,
          null,
          null,
          1,
          5,
          null,
          1,
          4,
          4,
          null,
          null,
          2,
          2,
          2,
          2,
          null,
          null,
          1,
          1,
          4,
          4,
          null,
          null,
          2,
          2,
          2,
          null,
          1,
          1,
          null,
          null,
          null,
          null,
          1,
          8,
          null,
          1,
          4,
          4,
          null,
          1,
          3,
          3,
          null,
          null,
          2,
          2,
          2,
          null,
          null,
          1,
          4,
          4,
          null,
          1,
          3,
          null,
          null,
          2,
          2,
          null,
          1,
          1,
          null,
          null,
          null,
          1,
          2,
          2,
          null,
          1,
          1,
          null,
          null,
          3,
          null,
          null,
          null,
          1,
          6,
          null,
          1,
          6,
          null,
          1,
          5,
          5,
          null,
          null,
          2,
          2,
          2,
          2,
          2,
          null,
          null,
          null,
          1,
          8,
          null,
          1,
          4,
          1,
          1,
          null,
          null,
          null,
          null,
          1,
          3,
          null,
          null,
          5,
          2,
          2,
          null,
          null,
          1,
          2,
          1,
          1,
          null,
          null,
          null,
          null,
          1,
          1,
          null,
          null,
          5,
          null,
          null,
          1,
          2,
          2,
          1,
          1,
          null,
          null,
          null,
          null,
          1,
          1,
          1,
          null,
          null,
          5,
          null,
          null,
          1,
          2,
          1,
          1,
          null,
          null,
          null,
          null,
          1,
          1,
          null,
          null,
          3,
          null,
          null,
          1,
          2,
          4,
          1,
          1,
          null,
          null,
          null,
          null,
          1,
          3,
          null,
          null,
          5,
          2,
          2,
          null,
          null,
          1,
          3,
          1,
          2,
          null,
          null,
          null,
          null,
          5,
          null,
          1,
          1,
          1,
          1,
          null,
          null,
          null,
          null,
          1,
          6,
          null,
          1,
          2,
          2,
          null,
          1,
          1,
          null,
          null,
          3,
          null,
          null,
          1,
          2,
          2,
          2,
          null,
          1,
          1,
          1,
          null,
          null,
          3,
          null,
          null,
          1,
          2,
          2,
          2,
          null,
          1,
          1,
          1,
          null,
          null,
          3,
          null,
          null,
          1,
          3,
          3,
          null,
          1,
          2,
          null,
          null,
          3,
          null,
          1,
          1,
          1,
          1,
          null,
          null,
          null,
          null
        ]
      },
      "/Users/koombea/Desktop/MarketPlace/app/controllers/users_controller.rb": {
        "lines": [
          null,
          null,
          null,
          1,
          1,
          1,
          1,
          null,
          1,
          10,
          null,
          null,
          1,
          null,
          1,
          5,
          null,
          null,
          1,
          null,
          1,
          4,
          4,
          6,
          null,
          2,
          null,
          null,
          null,
          null,
          1,
          2,
          null,
          2,
          4,
          null,
          null,
          null,
          1,
          null,
          1,
          4,
          null,
          null,
          1,
          15,
          null,
          null
        ]
      },
      "/Users/koombea/Desktop/MarketPlace/spec/features/admin_feature_spec.rb": {
        "lines": [
          null,
          null,
          1,
          null,
          1,
          3,
          null,
          3,
          null,
          1,
          2,
          null,
          null,
          1,
          1,
          1,
          1,
          null,
          1,
          null,
          1,
          null,
          null,
          1,
          1,
          1,
          null,
          1,
          null,
          1,
          null,
          null,
          null
        ]
      },
      "/Users/koombea/Desktop/MarketPlace/spec/features/products_feature_spec.rb": {
        "lines": [
          null,
          null,
          1,
          null,
          1,
          1,
          1,
          1,
          1,
          null,
          null,
          null,
          1,
          1,
          1,
          null,
          null,
          1,
          1,
          null,
          null,
          1,
          1,
          1,
          null,
          1,
          1,
          1,
          1,
          null,
          null,
          null,
          1,
          5,
          5,
          null,
          1,
          4,
          4,
          null,
          null,
          1,
          1,
          1,
          1,
          null,
          null,
          1,
          1,
          null,
          null,
          1,
          1,
          1,
          1,
          null,
          null,
          1,
          1,
          null,
          null,
          1,
          1,
          1,
          1,
          null,
          null,
          1,
          1,
          null,
          null,
          1,
          1,
          1,
          1,
          null,
          null,
          1,
          1,
          null,
          null,
          null,
          1,
          1,
          2,
          null,
          1,
          1,
          null,
          null,
          null,
          null,
          null,
          null,
          1,
          1,
          1,
          null,
          null,
          1,
          1,
          1,
          1,
          null,
          null,
          1,
          1,
          null,
          null,
          null
        ]
      },
      "/Users/koombea/Desktop/MarketPlace/spec/features/users_feature_spec.rb": {
        "lines": [
          null,
          null,
          1,
          null,
          1,
          1,
          9,
          null,
          null,
          null,
          null,
          null,
          null,
          1,
          15,
          null,
          null,
          1,
          1,
          1,
          1,
          null,
          1,
          null,
          null,
          1,
          1,
          null,
          1,
          null,
          null,
          null,
          1,
          1,
          1,
          null,
          1,
          null,
          1,
          null,
          1,
          1,
          1,
          1,
          null,
          null,
          null,
          1,
          1,
          2,
          2,
          2,
          2,
          null,
          null,
          1,
          6,
          null,
          null,
          null,
          null,
          null,
          null,
          1,
          6,
          null,
          null,
          1,
          1,
          1,
          1,
          1,
          null,
          1,
          null,
          1,
          null,
          null,
          1,
          1,
          1,
          1,
          1,
          null,
          1,
          null,
          1,
          null,
          null,
          1,
          1,
          1,
          1,
          1,
          null,
          1,
          null,
          1,
          null,
          null,
          1,
          1,
          1,
          1,
          1,
          null,
          1,
          null,
          1,
          null,
          null,
          1,
          1,
          1,
          1,
          1,
          null,
          1,
          null,
          1,
          null,
          null,
          1,
          1,
          1,
          1,
          null,
          1,
          null,
          1,
          null,
          null,
          null,
          1,
          7,
          1,
          5,
          5,
          5,
          5,
          5,
          5,
          null,
          null,
          1,
          1,
          1,
          1,
          null,
          1,
          null,
          1,
          null,
          null,
          1,
          1,
          1,
          null,
          1,
          null,
          null,
          1,
          1,
          1,
          1,
          1,
          null,
          1,
          null,
          1,
          null,
          null,
          1,
          1,
          1,
          1,
          1,
          null,
          1,
          null,
          1,
          null,
          null,
          1,
          1,
          1,
          1,
          1,
          null,
          1,
          null,
          1,
          null,
          null,
          1,
          1,
          1,
          1,
          1,
          null,
          1,
          null,
          1,
          null,
          null,
          null
        ]
      },
      "/Users/koombea/Desktop/MarketPlace/spec/mailers/notifier_mailer_spec.rb": {
        "lines": [
          null,
          null,
          1,
          null,
          1,
          1,
          4,
          null,
          4,
          4,
          null,
          1,
          1,
          null,
          null,
          1,
          1,
          null,
          null,
          1,
          1,
          null,
          null,
          null
        ]
      },
      "/Users/koombea/Desktop/MarketPlace/app/mailers/notifier_mailer.rb": {
        "lines": [
          null,
          null,
          null,
          1,
          null,
          null,
          null,
          null,
          null,
          1,
          3,
          3,
          null,
          3,
          null,
          null
        ]
      },
      "/Users/koombea/Desktop/MarketPlace/app/mailers/application_mailer.rb": {
        "lines": [
          null,
          null,
          1,
          1,
          1,
          null
        ]
      },
      "/Users/koombea/Desktop/MarketPlace/spec/models/product_model_spec.rb": {
        "lines": [
          null,
          null,
          1,
          null,
          1,
          1,
          11,
          null,
          null,
          null,
          null,
          null,
          null,
          null,
          null,
          null,
          1,
          11,
          null,
          null,
          null,
          null,
          null,
          null,
          null,
          null,
          11,
          null,
          null,
          1,
          11,
          null,
          null,
          1,
          2,
          null,
          1,
          1,
          null,
          null,
          null,
          1,
          1,
          null,
          null,
          null,
          null,
          1,
          1,
          1,
          null,
          null,
          null,
          null,
          1,
          1,
          null,
          null,
          1,
          1,
          1,
          null,
          null,
          1,
          1,
          1,
          null,
          null,
          1,
          1,
          1,
          null,
          null,
          1,
          1,
          1,
          null,
          null,
          1,
          1,
          1,
          null,
          null,
          1,
          1,
          1,
          null,
          null
        ]
      },
      "/Users/koombea/Desktop/MarketPlace/app/models/product.rb": {
        "lines": [
          null,
          null,
          null,
          null,
          null,
          null,
          null,
          null,
          null,
          null,
          null,
          null,
          null,
          null,
          null,
          null,
          null,
          null,
          null,
          null,
          null,
          null,
          null,
          null,
          null,
          null,
          null,
          null,
          1,
          1,
          1,
          1,
          null,
          1,
          1,
          1,
          null,
          null,
          1,
          null,
          null,
          null,
          1,
          null,
          16,
          null,
          1,
          null
        ]
      },
      "/Users/koombea/Desktop/MarketPlace/app/models/concerns/ProductStateMachine.rb": {
        "lines": [
          1,
          1,
          null,
          1,
          1,
          null,
          1,
          1,
          1,
          null,
          1,
          1,
          null,
          null,
          1,
          1,
          null,
          null,
          1,
          1,
          null,
          null,
          null,
          null
        ]
      },
      "/Users/koombea/Desktop/MarketPlace/spec/models/user_model_spec.rb": {
        "lines": [
          null,
          null,
          1,
          null,
          1,
          1,
          9,
          null,
          null,
          null,
          null,
          null,
          null,
          null,
          1,
          9,
          null,
          null,
          null,
          null,
          null,
          null,
          null,
          null,
          null,
          1,
          9,
          null,
          null,
          1,
          2,
          null,
          null,
          1,
          1,
          null,
          null,
          1,
          1,
          1,
          null,
          null,
          1,
          1,
          1,
          null,
          null,
          1,
          1,
          1,
          null,
          null,
          1,
          1,
          1,
          null,
          null,
          1,
          1,
          1,
          null,
          null,
          1,
          1,
          1,
          null,
          null,
          1,
          1,
          null,
          null,
          null,
          null
        ]
      },
      "/Users/koombea/Desktop/MarketPlace/app/models/category.rb": {
        "lines": [
          null,
          null,
          null,
          null,
          null,
          null,
          null,
          null,
          null,
          null,
          null,
          null,
          1,
          1,
          1,
          1,
          null
        ]
      },
      "/Users/koombea/Desktop/MarketPlace/app/models/image.rb": {
        "lines": [
          null,
          null,
          null,
          null,
          null,
          null,
          null,
          null,
          null,
          null,
          null,
          null,
          null,
          null,
          null,
          null,
          null,
          null,
          null,
          null,
          null,
          null,
          null,
          null,
          1,
          1,
          null,
          1,
          1,
          null
        ]
      },
      "/Users/koombea/Desktop/MarketPlace/app/services/send_email_service.rb": {
        "lines": [
          1,
          1,
          1,
          1,
          null,
          null,
          null
        ]
      },
      "/Users/koombea/Desktop/MarketPlace/app/channels/application_cable/channel.rb": {
        "lines": [
          null,
          null,
          1,
          1,
          null,
          null
        ]
      },
      "/Users/koombea/Desktop/MarketPlace/app/channels/application_cable/connection.rb": {
        "lines": [
          null,
          null,
          1,
          1,
          null,
          null
        ]
      },
      "/Users/koombea/Desktop/MarketPlace/app/jobs/application_job.rb": {
        "lines": [
          null,
          null,
          1,
          null,
          null,
          null,
          null,
          null,
          null
        ]
      }
    },
    "timestamp": 1614865069
  }
}
